[28-Mar-2020 17:13:20 Asia/Singapore] PHP Notice:  SessionHandler::gc(): ps_files_cleanup_dir: opendir(/var/cpanel/php/sessions/ea-php72) failed: Permission denied (13) in /home/topgirl/public_html/demo-topgirl/system/library/session/native.php on line 29
[07-Apr-2020 12:43:13 Asia/Singapore] PHP Notice:  SessionHandler::gc(): ps_files_cleanup_dir: opendir(/var/cpanel/php/sessions/ea-php72) failed: Permission denied (13) in /home/topgirl/public_html/demo-topgirl/system/library/session/native.php on line 29
[10-Apr-2020 01:42:54 Asia/Singapore] PHP Notice:  SessionHandler::gc(): ps_files_cleanup_dir: opendir(/var/cpanel/php/sessions/ea-php72) failed: Permission denied (13) in /home/topgirl/public_html/demo-topgirl/system/library/session/native.php on line 29
[18-Apr-2020 23:14:58 Asia/Singapore] PHP Parse error:  syntax error, unexpected 'else' (T_ELSE), expecting end of file in /home/topgirl/public_html/demo-topgirl/catalog/view/theme/default/template/product/product/product_options.tpl on line 118
[18-Apr-2020 23:14:58 Asia/Singapore] PHP Parse error:  syntax error, unexpected 'else' (T_ELSE), expecting end of file in /home/topgirl/public_html/demo-topgirl/catalog/view/theme/default/template/product/product/product_options.tpl on line 118
[18-Apr-2020 23:14:58 Asia/Singapore] PHP Parse error:  syntax error, unexpected 'else' (T_ELSE), expecting end of file in /home/topgirl/public_html/demo-topgirl/catalog/view/theme/default/template/product/product/product_options.tpl on line 118
[18-Apr-2020 23:14:58 Asia/Singapore] PHP Parse error:  syntax error, unexpected 'else' (T_ELSE), expecting end of file in /home/topgirl/public_html/demo-topgirl/catalog/view/theme/default/template/product/product/product_options.tpl on line 118
[18-Apr-2020 23:14:58 Asia/Singapore] PHP Parse error:  syntax error, unexpected 'else' (T_ELSE), expecting end of file in /home/topgirl/public_html/demo-topgirl/catalog/view/theme/default/template/product/product/product_options.tpl on line 118
[18-Apr-2020 23:14:59 Asia/Singapore] PHP Parse error:  syntax error, unexpected 'else' (T_ELSE), expecting end of file in /home/topgirl/public_html/demo-topgirl/catalog/view/theme/default/template/product/product/product_options.tpl on line 118
[18-Apr-2020 23:14:59 Asia/Singapore] PHP Parse error:  syntax error, unexpected 'else' (T_ELSE), expecting end of file in /home/topgirl/public_html/demo-topgirl/catalog/view/theme/default/template/product/product/product_options.tpl on line 118
[18-Apr-2020 23:14:59 Asia/Singapore] PHP Parse error:  syntax error, unexpected 'else' (T_ELSE), expecting end of file in /home/topgirl/public_html/demo-topgirl/catalog/view/theme/default/template/product/product/product_options.tpl on line 118
[18-Apr-2020 23:15:20 Asia/Singapore] PHP Parse error:  syntax error, unexpected 'else' (T_ELSE), expecting end of file in /home/topgirl/public_html/demo-topgirl/catalog/view/theme/default/template/product/product/product_options.tpl on line 118
[18-Apr-2020 23:15:31 Asia/Singapore] PHP Parse error:  syntax error, unexpected 'else' (T_ELSE), expecting end of file in /home/topgirl/public_html/demo-topgirl/catalog/view/theme/default/template/product/product/product_options.tpl on line 118
[18-Apr-2020 23:15:31 Asia/Singapore] PHP Parse error:  syntax error, unexpected 'else' (T_ELSE), expecting end of file in /home/topgirl/public_html/demo-topgirl/catalog/view/theme/default/template/product/product/product_options.tpl on line 118
[18-Apr-2020 23:15:31 Asia/Singapore] PHP Parse error:  syntax error, unexpected 'else' (T_ELSE), expecting end of file in /home/topgirl/public_html/demo-topgirl/catalog/view/theme/default/template/product/product/product_options.tpl on line 118
[18-Apr-2020 23:15:31 Asia/Singapore] PHP Parse error:  syntax error, unexpected 'else' (T_ELSE), expecting end of file in /home/topgirl/public_html/demo-topgirl/catalog/view/theme/default/template/product/product/product_options.tpl on line 118
[18-Apr-2020 23:15:31 Asia/Singapore] PHP Parse error:  syntax error, unexpected 'else' (T_ELSE), expecting end of file in /home/topgirl/public_html/demo-topgirl/catalog/view/theme/default/template/product/product/product_options.tpl on line 118
[18-Apr-2020 23:15:36 Asia/Singapore] PHP Parse error:  syntax error, unexpected 'else' (T_ELSE), expecting end of file in /home/topgirl/public_html/demo-topgirl/catalog/view/theme/default/template/product/product/product_options.tpl on line 118
[18-Apr-2020 23:15:38 Asia/Singapore] PHP Parse error:  syntax error, unexpected 'else' (T_ELSE), expecting end of file in /home/topgirl/public_html/demo-topgirl/catalog/view/theme/default/template/product/product/product_options.tpl on line 118
[18-Apr-2020 23:16:10 Asia/Singapore] PHP Parse error:  syntax error, unexpected 'else' (T_ELSE), expecting end of file in /home/topgirl/public_html/demo-topgirl/catalog/view/theme/default/template/product/product/product_options.tpl on line 118
[18-Apr-2020 23:16:10 Asia/Singapore] PHP Parse error:  syntax error, unexpected 'else' (T_ELSE), expecting end of file in /home/topgirl/public_html/demo-topgirl/catalog/view/theme/default/template/product/product/product_options.tpl on line 118
[18-Apr-2020 23:16:10 Asia/Singapore] PHP Parse error:  syntax error, unexpected 'else' (T_ELSE), expecting end of file in /home/topgirl/public_html/demo-topgirl/catalog/view/theme/default/template/product/product/product_options.tpl on line 118
[18-Apr-2020 23:16:10 Asia/Singapore] PHP Parse error:  syntax error, unexpected 'else' (T_ELSE), expecting end of file in /home/topgirl/public_html/demo-topgirl/catalog/view/theme/default/template/product/product/product_options.tpl on line 118
[18-Apr-2020 23:16:10 Asia/Singapore] PHP Parse error:  syntax error, unexpected 'else' (T_ELSE), expecting end of file in /home/topgirl/public_html/demo-topgirl/catalog/view/theme/default/template/product/product/product_options.tpl on line 118
[18-Apr-2020 23:16:11 Asia/Singapore] PHP Parse error:  syntax error, unexpected 'else' (T_ELSE), expecting end of file in /home/topgirl/public_html/demo-topgirl/catalog/view/theme/default/template/product/product/product_options.tpl on line 118
[18-Apr-2020 23:16:11 Asia/Singapore] PHP Parse error:  syntax error, unexpected 'else' (T_ELSE), expecting end of file in /home/topgirl/public_html/demo-topgirl/catalog/view/theme/default/template/product/product/product_options.tpl on line 118
[18-Apr-2020 23:16:11 Asia/Singapore] PHP Parse error:  syntax error, unexpected 'else' (T_ELSE), expecting end of file in /home/topgirl/public_html/demo-topgirl/catalog/view/theme/default/template/product/product/product_options.tpl on line 118
[18-Apr-2020 23:16:11 Asia/Singapore] PHP Parse error:  syntax error, unexpected 'else' (T_ELSE), expecting end of file in /home/topgirl/public_html/demo-topgirl/catalog/view/theme/default/template/product/product/product_options.tpl on line 118
[18-Apr-2020 23:16:11 Asia/Singapore] PHP Parse error:  syntax error, unexpected 'else' (T_ELSE), expecting end of file in /home/topgirl/public_html/demo-topgirl/catalog/view/theme/default/template/product/product/product_options.tpl on line 118
[18-Apr-2020 23:16:11 Asia/Singapore] PHP Parse error:  syntax error, unexpected 'else' (T_ELSE), expecting end of file in /home/topgirl/public_html/demo-topgirl/catalog/view/theme/default/template/product/product/product_options.tpl on line 118
[18-Apr-2020 23:16:32 Asia/Singapore] PHP Parse error:  syntax error, unexpected 'else' (T_ELSE), expecting end of file in /home/topgirl/public_html/demo-topgirl/catalog/view/theme/default/template/product/product/product_options.tpl on line 118
[18-Apr-2020 23:17:11 Asia/Singapore] PHP Parse error:  syntax error, unexpected 'else' (T_ELSE), expecting end of file in /home/topgirl/public_html/demo-topgirl/catalog/view/theme/default/template/product/product/product_options.tpl on line 118
[18-Apr-2020 23:17:12 Asia/Singapore] PHP Parse error:  syntax error, unexpected 'else' (T_ELSE), expecting end of file in /home/topgirl/public_html/demo-topgirl/catalog/view/theme/default/template/product/product/product_options.tpl on line 118
[18-Apr-2020 23:17:38 Asia/Singapore] PHP Parse error:  syntax error, unexpected 'else' (T_ELSE), expecting end of file in /home/topgirl/public_html/demo-topgirl/catalog/view/theme/default/template/product/product/product_options.tpl on line 118
[22-Apr-2020 23:54:03 Asia/Singapore] PHP Notice:  SessionHandler::gc(): ps_files_cleanup_dir: opendir(/var/cpanel/php/sessions/ea-php72) failed: Permission denied (13) in /home/topgirl/public_html/demo-topgirl/system/library/session/native.php on line 29
[24-Apr-2020 12:25:43 Asia/Singapore] PHP Warning:  unlink(/home/topgirl/public_html/demo-topgirl/system/storage/cache/cache.language.1587659495): No such file or directory in /home/topgirl/public_html/demo-topgirl/system/library/cache/file.php on line 17
[26-Apr-2020 15:39:55 Asia/Singapore] PHP Notice:  SessionHandler::gc(): ps_files_cleanup_dir: opendir(/var/cpanel/php/sessions/ea-php72) failed: Permission denied (13) in /home/topgirl/public_html/demo-topgirl/system/library/session/native.php on line 29
[08-May-2020 01:24:11 Asia/Singapore] PHP Notice:  SessionHandler::gc(): ps_files_cleanup_dir: opendir(/var/cpanel/php/sessions/ea-php72) failed: Permission denied (13) in /home/topgirl/public_html/demo-topgirl/system/library/session/native.php on line 29
[18-May-2020 01:53:42 Asia/Singapore] PHP Fatal error:  Uncaught Exception: Error: You have an error in your SQL syntax; check the manual that corresponds to your MySQL server version for the right syntax to use near 'UPDATEtopgirl_order SET ref_no='34354643436453', receipt='image/catalog/receipt/' at line 1<br />Error No: 1064<br />UPDATEtopgirl_order SET ref_no='34354643436453', receipt='image/catalog/receipt/SF-Compact-Text-Semibold.otf' WHERE order_id = '0'  in /home/topgirl/public_html/demo-topgirl/system/library/db/mysqli.php:40
Stack trace:
#0 /home/topgirl/public_html/demo-topgirl/system/library/db.php(16): DB\MySQLi->query('UPDATEtopgirl_o...', Array)
#1 /home/topgirl/public_html/demo-topgirl/catalog/model/checkout/order.php(80): DB->query('UPDATEtopgirl_o...')
#2 /home/topgirl/public_html/demo-topgirl/system/storage/modification/system/engine/loader.php(184): ModelCheckoutOrder->addRef('34354643436453', 'image/catalog/r...', NULL)
#3 /home/topgirl/public_html/demo-topgirl/system/engine/proxy.php(25): Loader->{closure}(Array, Array)
#4 /home/topgirl/publi in /home/topgirl/public_html/demo-topgirl/system/library/db/mysqli.php on line 40
[18-May-2020 01:54:54 Asia/Singapore] PHP Fatal error:  Uncaught Exception: Error: You have an error in your SQL syntax; check the manual that corresponds to your MySQL server version for the right syntax to use near 'UPDATEtopgirl_order SET ref_no='34354643436453', receipt='image/catalog/receipt/' at line 1<br />Error No: 1064<br />UPDATEtopgirl_order SET ref_no='34354643436453', receipt='image/catalog/receipt/SF-Compact-Text-Semibold.otf' WHERE order_id = '0'  in /home/topgirl/public_html/demo-topgirl/system/library/db/mysqli.php:40
Stack trace:
#0 /home/topgirl/public_html/demo-topgirl/system/library/db.php(16): DB\MySQLi->query('UPDATEtopgirl_o...', Array)
#1 /home/topgirl/public_html/demo-topgirl/catalog/model/checkout/order.php(80): DB->query('UPDATEtopgirl_o...')
#2 /home/topgirl/public_html/demo-topgirl/system/storage/modification/system/engine/loader.php(184): ModelCheckoutOrder->addRef('34354643436453', 'image/catalog/r...', NULL)
#3 /home/topgirl/public_html/demo-topgirl/system/engine/proxy.php(25): Loader->{closure}(Array, Array)
#4 /home/topgirl/publi in /home/topgirl/public_html/demo-topgirl/system/library/db/mysqli.php on line 40
[18-May-2020 01:55:40 Asia/Singapore] PHP Fatal error:  Uncaught Exception: Error: You have an error in your SQL syntax; check the manual that corresponds to your MySQL server version for the right syntax to use near 'UPDATEtopgirl_order SET ref_no='34354643436453', receipt='image/catalog/receipt/' at line 1<br />Error No: 1064<br />UPDATEtopgirl_order SET ref_no='34354643436453', receipt='image/catalog/receipt/SF-Compact-Text-Semibold.otf' WHERE order_id = '19'  in /home/topgirl/public_html/demo-topgirl/system/library/db/mysqli.php:40
Stack trace:
#0 /home/topgirl/public_html/demo-topgirl/system/library/db.php(16): DB\MySQLi->query('UPDATEtopgirl_o...', Array)
#1 /home/topgirl/public_html/demo-topgirl/catalog/model/checkout/order.php(80): DB->query('UPDATEtopgirl_o...')
#2 /home/topgirl/public_html/demo-topgirl/system/storage/modification/system/engine/loader.php(184): ModelCheckoutOrder->addRef('34354643436453', 'image/catalog/r...', 19)
#3 /home/topgirl/public_html/demo-topgirl/system/engine/proxy.php(25): Loader->{closure}(Array, Array)
#4 /home/topgirl/public in /home/topgirl/public_html/demo-topgirl/system/library/db/mysqli.php on line 40
[18-May-2020 01:56:49 Asia/Singapore] PHP Fatal error:  Uncaught Exception: Error: You have an error in your SQL syntax; check the manual that corresponds to your MySQL server version for the right syntax to use near 'UPDATEtopgirl_order SET ref_no='34354643436453', receipt='image/catalog/receipt/' at line 1<br />Error No: 1064<br />UPDATEtopgirl_order SET ref_no='34354643436453', receipt='image/catalog/receipt/SF-Compact-Text-Semibold.otf' WHERE order_id = '19'  in /home/topgirl/public_html/demo-topgirl/system/library/db/mysqli.php:40
Stack trace:
#0 /home/topgirl/public_html/demo-topgirl/system/library/db.php(16): DB\MySQLi->query('UPDATEtopgirl_o...', Array)
#1 /home/topgirl/public_html/demo-topgirl/catalog/model/checkout/order.php(80): DB->query('UPDATEtopgirl_o...')
#2 /home/topgirl/public_html/demo-topgirl/system/storage/modification/system/engine/loader.php(184): ModelCheckoutOrder->addRef('34354643436453', 'image/catalog/r...', 19)
#3 /home/topgirl/public_html/demo-topgirl/system/engine/proxy.php(25): Loader->{closure}(Array, Array)
#4 /home/topgirl/public in /home/topgirl/public_html/demo-topgirl/system/library/db/mysqli.php on line 40
[18-May-2020 01:58:15 Asia/Singapore] PHP Fatal error:  Uncaught Exception: Error: You have an error in your SQL syntax; check the manual that corresponds to your MySQL server version for the right syntax to use near 'UPDATEtopgirl_order SET ref_no='2243422', receipt='image/catalog/receipt/SF-Comp' at line 1<br />Error No: 1064<br />UPDATEtopgirl_order SET ref_no='2243422', receipt='image/catalog/receipt/SF-Compact-Text-Semibold.otf' WHERE order_id = '19'  in /home/topgirl/public_html/demo-topgirl/system/library/db/mysqli.php:40
Stack trace:
#0 /home/topgirl/public_html/demo-topgirl/system/library/db.php(16): DB\MySQLi->query('UPDATEtopgirl_o...', Array)
#1 /home/topgirl/public_html/demo-topgirl/catalog/model/checkout/order.php(80): DB->query('UPDATEtopgirl_o...')
#2 /home/topgirl/public_html/demo-topgirl/system/storage/modification/system/engine/loader.php(184): ModelCheckoutOrder->addRef('2243422', 'image/catalog/r...', 19)
#3 /home/topgirl/public_html/demo-topgirl/system/engine/proxy.php(25): Loader->{closure}(Array, Array)
#4 /home/topgirl/public_html/demo-top in /home/topgirl/public_html/demo-topgirl/system/library/db/mysqli.php on line 40
[19-May-2020 00:17:18 Asia/Singapore] PHP Notice:  SessionHandler::gc(): ps_files_cleanup_dir: opendir(/var/cpanel/php/sessions/ea-php72) failed: Permission denied (13) in /home/topgirl/public_html/demo-topgirl/system/library/session/native.php on line 29
[19-May-2020 07:26:37 UTC] PHP Fatal error:  Uncaught Hybrid_Exception: You cannot access this page directly. in /home/sozoone/public_html/system/library/d_social_login/hybrid/endpoint.php:211
Stack trace:
#0 /home/sozoone/public_html/system/library/d_social_login/hybrid/endpoint.php(157): Hybrid_Endpoint->authInit()
#1 /home/sozoone/public_html/system/library/d_social_login/hybrid/endpoint.php(55): Hybrid_Endpoint->processAuthDone()
#2 /home/sozoone/public_html/system/library/d_social_login/hybrid/endpoint.php(72): Hybrid_Endpoint->__construct(Array)
#3 /home/sozoone/public_html/catalog/controller/extension/d_social_login/callback.php(12): Hybrid_Endpoint::process()
#4 /home/sozoone/public_html/system/storage/modification/system/engine/action.php(51): ControllerExtensionDSocialLoginCallback->index()
#5 /home/sozoone/public_html/catalog/controller/startup/router.php(25): Action->execute(Object(Registry))
#6 /home/sozoone/public_html/system/storage/modification/system/engine/action.php(51): ControllerStartupRouter->index()
#7 /home/sozoone/public_html/sy in /home/sozoone/public_html/system/library/d_social_login/hybrid/endpoint.php on line 217
[22-May-2020 06:37:34 Asia/Singapore] PHP Warning:  unlink(/home/sozoone/public_html/system/storage/cache/cache.currency.1590100271): No such file or directory in /home/sozoone/public_html/system/library/cache/file.php on line 17
[25-May-2020 13:14:18 UTC] PHP Fatal error:  Uncaught Hybrid_Exception: You cannot access this page directly. in /home/sozoone/public_html/system/library/d_social_login/hybrid/endpoint.php:211
Stack trace:
#0 /home/sozoone/public_html/system/library/d_social_login/hybrid/endpoint.php(157): Hybrid_Endpoint->authInit()
#1 /home/sozoone/public_html/system/library/d_social_login/hybrid/endpoint.php(55): Hybrid_Endpoint->processAuthDone()
#2 /home/sozoone/public_html/system/library/d_social_login/hybrid/endpoint.php(72): Hybrid_Endpoint->__construct(Array)
#3 /home/sozoone/public_html/catalog/controller/extension/d_social_login/callback.php(12): Hybrid_Endpoint::process()
#4 /home/sozoone/public_html/system/storage/modification/system/engine/action.php(51): ControllerExtensionDSocialLoginCallback->index()
#5 /home/sozoone/public_html/catalog/controller/startup/router.php(25): Action->execute(Object(Registry))
#6 /home/sozoone/public_html/system/storage/modification/system/engine/action.php(51): ControllerStartupRouter->index()
#7 /home/sozoone/public_html/sy in /home/sozoone/public_html/system/library/d_social_login/hybrid/endpoint.php on line 217
[27-May-2020 10:04:14 UTC] PHP Fatal error:  Uncaught Hybrid_Exception: You cannot access this page directly. in /home/sozoone/public_html/system/library/d_social_login/hybrid/endpoint.php:211
Stack trace:
#0 /home/sozoone/public_html/system/library/d_social_login/hybrid/endpoint.php(157): Hybrid_Endpoint->authInit()
#1 /home/sozoone/public_html/system/library/d_social_login/hybrid/endpoint.php(55): Hybrid_Endpoint->processAuthDone()
#2 /home/sozoone/public_html/system/library/d_social_login/hybrid/endpoint.php(72): Hybrid_Endpoint->__construct(Array)
#3 /home/sozoone/public_html/catalog/controller/extension/d_social_login/callback.php(12): Hybrid_Endpoint::process()
#4 /home/sozoone/public_html/system/storage/modification/system/engine/action.php(51): ControllerExtensionDSocialLoginCallback->index()
#5 /home/sozoone/public_html/catalog/controller/startup/router.php(25): Action->execute(Object(Registry))
#6 /home/sozoone/public_html/system/storage/modification/system/engine/action.php(51): ControllerStartupRouter->index()
#7 /home/sozoone/public_html/sy in /home/sozoone/public_html/system/library/d_social_login/hybrid/endpoint.php on line 217
[29-May-2020 02:50:28 Asia/Singapore] PHP Warning:  unlink(/home/sozoone/public_html/system/storage/cache/cache.country.catalog.1590690718): No such file or directory in /home/sozoone/public_html/system/library/cache/file.php on line 17
[29-May-2020 13:06:25 UTC] PHP Fatal error:  Uncaught Hybrid_Exception: You cannot access this page directly. in /home/sozoone/public_html/system/library/d_social_login/hybrid/endpoint.php:211
Stack trace:
#0 /home/sozoone/public_html/system/library/d_social_login/hybrid/endpoint.php(157): Hybrid_Endpoint->authInit()
#1 /home/sozoone/public_html/system/library/d_social_login/hybrid/endpoint.php(55): Hybrid_Endpoint->processAuthDone()
#2 /home/sozoone/public_html/system/library/d_social_login/hybrid/endpoint.php(72): Hybrid_Endpoint->__construct(Array)
#3 /home/sozoone/public_html/catalog/controller/extension/d_social_login/callback.php(12): Hybrid_Endpoint::process()
#4 /home/sozoone/public_html/system/storage/modification/system/engine/action.php(51): ControllerExtensionDSocialLoginCallback->index()
#5 /home/sozoone/public_html/catalog/controller/startup/router.php(25): Action->execute(Object(Registry))
#6 /home/sozoone/public_html/system/storage/modification/system/engine/action.php(51): ControllerStartupRouter->index()
#7 /home/sozoone/public_html/sy in /home/sozoone/public_html/system/library/d_social_login/hybrid/endpoint.php on line 217
[29-May-2020 22:06:13 Asia/Singapore] PHP Warning:  unlink(/home/sozoone/public_html/system/storage/cache/cache.country.catalog.1590761060): No such file or directory in /home/sozoone/public_html/system/library/cache/file.php on line 17
[29-May-2020 14:26:26 UTC] PHP Fatal error:  Uncaught Hybrid_Exception: You cannot access this page directly. in /home/sozoone/public_html/system/library/d_social_login/hybrid/endpoint.php:211
Stack trace:
#0 /home/sozoone/public_html/system/library/d_social_login/hybrid/endpoint.php(157): Hybrid_Endpoint->authInit()
#1 /home/sozoone/public_html/system/library/d_social_login/hybrid/endpoint.php(55): Hybrid_Endpoint->processAuthDone()
#2 /home/sozoone/public_html/system/library/d_social_login/hybrid/endpoint.php(72): Hybrid_Endpoint->__construct(Array)
#3 /home/sozoone/public_html/catalog/controller/extension/d_social_login/callback.php(12): Hybrid_Endpoint::process()
#4 /home/sozoone/public_html/system/storage/modification/system/engine/action.php(51): ControllerExtensionDSocialLoginCallback->index()
#5 /home/sozoone/public_html/catalog/controller/startup/router.php(25): Action->execute(Object(Registry))
#6 /home/sozoone/public_html/system/storage/modification/system/engine/action.php(51): ControllerStartupRouter->index()
#7 /home/sozoone/public_html/sy in /home/sozoone/public_html/system/library/d_social_login/hybrid/endpoint.php on line 217
[08-Jun-2020 20:49:31 UTC] PHP Fatal error:  Uncaught Hybrid_Exception: You cannot access this page directly. in /home/sozoone/public_html/system/library/d_social_login/hybrid/endpoint.php:211
Stack trace:
#0 /home/sozoone/public_html/system/library/d_social_login/hybrid/endpoint.php(117): Hybrid_Endpoint->authInit()
#1 /home/sozoone/public_html/system/library/d_social_login/hybrid/endpoint.php(51): Hybrid_Endpoint->processAuthStart()
#2 /home/sozoone/public_html/system/library/d_social_login/hybrid/endpoint.php(72): Hybrid_Endpoint->__construct(Array)
#3 /home/sozoone/public_html/catalog/controller/extension/d_social_login/callback.php(12): Hybrid_Endpoint::process()
#4 /home/sozoone/public_html/system/storage/modification/system/engine/action.php(51): ControllerExtensionDSocialLoginCallback->index()
#5 /home/sozoone/public_html/catalog/controller/startup/router.php(25): Action->execute(Object(Registry))
#6 /home/sozoone/public_html/system/storage/modification/system/engine/action.php(51): ControllerStartupRouter->index()
#7 /home/sozoone/public_html/s in /home/sozoone/public_html/system/library/d_social_login/hybrid/endpoint.php on line 217
